#
# A fatal error has been detected by the Java Runtime Environment:
#
#  Internal Error (javaCalls.cpp:51), pid=2500, tid=0x00000000000026ac
#  guarantee(thread->is_Java_thread()) failed: crucial check - the VM thread cannot and must not escape to Java code
#
# JRE version: OpenJDK Runtime Environment (8.0_212-b04) (build 1.8.0_212-b04)
# Java VM: OpenJDK 64-Bit Server VM (25.212-b04 mixed mode windows-amd64 compressed oops)
# Failed to write core dump. Minidumps are not enabled by default on client versions of Windows
#
# If you would like to submit a bug report, please visit:
#   
#

---------------  T H R E A D  ---------------

Current thread (0x00000158a2812000):  VMThread [stack: 0x000000320d500000,0x000000320d600000] [id=9900]

Stack: [0x000000320d500000,0x000000320d600000]
[error occurred during error reporting (printing stack bounds), id 0xc0000005]

Native frames: (J=compiled Java code, j=interpreted, Vv=VM code, C=native code)

VM_Operation (0x000000320daff0a0): GetOrSetLocal, mode: safepoint, requested by thread 0x00000158a287e000


---------------  P R O C E S S  ---------------

Java Threads: ( => current thread )
  0x00000158ac01e000 JavaThread "D3D Screen Updater" daemon [_thread_blocked, id=2592, stack(0x000000320e910000,0x000000320ea10000)]
  0x00000158ac106000 JavaThread "AWT-EventQueue-0" [_thread_blocked, id=16200, stack(0x000000320e810000,0x000000320e910000)]
  0x00000158a531c800 JavaThread "AWT-Windows" daemon [_thread_in_native, id=21488, stack(0x000000320e500000,0x000000320e600000)]
  0x00000158a5317000 JavaThread "AWT-Shutdown" [_thread_blocked, id=20860, stack(0x000000320e400000,0x000000320e500000)]
  0x00000158a5313800 JavaThread "Java2D Disposer" daemon [_thread_blocked, id=21680, stack(0x000000320e300000,0x000000320e400000)]
  0x00000158a4e30800 JavaThread "Service Thread" daemon [_thread_blocked, id=30588, stack(0x000000320e100000,0x000000320e200000)]
  0x00000158a4d7e000 JavaThread "C1 CompilerThread3" daemon [_thread_blocked, id=12712, stack(0x000000320e000000,0x000000320e100000)]
  0x00000158a4d7d000 JavaThread "C2 CompilerThread2" daemon [_thread_blocked, id=27808, stack(0x000000320df00000,0x000000320e000000)]
  0x00000158a4d7c800 JavaThread "C2 CompilerThread1" daemon [_thread_blocked, id=9596, stack(0x000000320de00000,0x000000320df00000)]
  0x00000158a4d7b800 JavaThread "C2 CompilerThread0" daemon [_thread_blocked, id=10636, stack(0x000000320dd00000,0x000000320de00000)]
  0x00000158a2892800 JavaThread "JDWP Command Reader" daemon [_thread_in_native, id=4332, stack(0x000000320dc00000,0x000000320dd00000)]
  0x00000158a288e000 JavaThread "JDWP Event Helper Thread" daemon [_thread_blocked, id=29804, stack(0x000000320db00000,0x000000320dc00000)]
  0x00000158a287e000 JavaThread "JDWP Transport Listener: dt_socket" daemon [_thread_blocked, id=14116, stack(0x000000320da00000,0x000000320db00000)]
  0x00000158a2873800 JavaThread "Attach Listener" daemon [_thread_blocked, id=17104, stack(0x000000320d900000,0x000000320da00000)]
  0x00000158a2873000 JavaThread "Signal Dispatcher" daemon [_thread_blocked, id=10728, stack(0x000000320d800000,0x000000320d900000)]
  0x00000158a284e800 JavaThread "Finalizer" daemon [_thread_blocked, id=11836, stack(0x000000320d700000,0x000000320d800000)]
  0x00000158a2848000 JavaThread "Reference Handler" daemon [_thread_blocked, id=29404, stack(0x000000320d600000,0x000000320d700000)]
  0x0000015887b20000 JavaThread "main" [_thread_blocked, id=20472, stack(0x000000320ca00000,0x000000320cb00000)]

Other Threads:
=>0x00000158a2812000 VMThread [stack: 0x000000320d500000,0x000000320d600000] [id=9900]
  0x00000158a4e36800 WatcherThread [stack: 0x000000320e200000,0x000000320e300000] [id=27176]

VM state:at safepoint (normal execution)

VM Mutex/Monitor currently owned by a thread:  ([mutex/lock_event])
[0x0000015887b1d6a0] Threads_lock - owner thread: 0x00000158a2812000

heap address: 0x00000006c2e00000, size: 4050 MB, Compressed Oops mode: Zero based, Oop shift amount: 3
Narrow klass base: 0x0000000000000000, Narrow klass shift: 3
Compressed class space size: 1073741824 Address: 0x00000007c0000000

Heap:
 PSYoungGen      total 55296K, used 46938K [0x000000076ba00000, 0x000000076fa80000, 0x00000007c0000000)
  eden space 45568K, 89% used [0x000000076ba00000,0x000000076e1ee940,0x000000076e680000)
  from space 9728K, 62% used [0x000000076f100000,0x000000076f6e8000,0x000000076fa80000)
  to   space 10240K, 0% used [0x000000076e680000,0x000000076e680000,0x000000076f080000)
 ParOldGen       total 173568K, used 2172K [0x00000006c2e00000, 0x00000006cd780000, 0x000000076ba00000)
  object space 173568K, 1% used [0x00000006c2e00000,0x00000006c301f388,0x00000006cd780000)
 Metaspace       used 10219K, capacity 10468K, committed 10752K, reserved 1058816K
  class space    used 1074K, capacity 1165K, committed 1280K, reserved 1048576K

Card table byte_map: [0x00000158989e0000,0x00000158991d0000] byte_map_base: 0x00000158953c9000

Marking Bits: (ParMarkBitMap*) 0x000000005ce31f50
 Begin Bits: [0x0000015899720000, 0x000001589d668000)
 End Bits:   [0x000001589d668000, 0x00000158a15b0000)

Polling page: 0x0000015887ac0000

CodeCache: size=245760Kb used=5286Kb max_used=5449Kb free=240473Kb
 bounds [0x0000015889620000, 0x0000015889b90000, 0x0000015898620000]
 total_blobs=1567 nmethods=1139 adapters=350
 compilation: enabled

Compilation events (10 events):
Event: 557.837 Thread 0x00000158a4d7e000 1458   !   3       game.Game::loop (343 bytes)
Event: 557.838 Thread 0x00000158a4d7e000 nmethod 1458 0x00000158899ae950 code [0x00000158899aed20, 0x00000158899b04c0]
Event: 563.634 Thread 0x00000158a4d7e000 1459       3       java.util.AbstractCollection::isEmpty (13 bytes)
Event: 563.635 Thread 0x00000158a4d7e000 nmethod 1459 0x0000015889827590 code [0x0000015889827700, 0x0000015889827970]
Event: 564.395 Thread 0x00000158a4d7e000 1460       3       java.lang.Class::reflectionData (49 bytes)
Event: 564.396 Thread 0x00000158a4d7e000 nmethod 1460 0x00000158898ac450 code [0x00000158898ac5e0, 0x00000158898acb30]
Event: 564.770 Thread 0x00000158a4d7e000 1461   !   3       java.awt.KeyboardFocusManager::setCurrentSequencedEvent (46 bytes)
Event: 564.770 Thread 0x00000158a4d7e000 nmethod 1461 0x0000015889872550 code [0x00000158898726c0, 0x0000015889872a18]
Event: 564.901 Thread 0x00000158a4d7e000 1462   !   3       game.Game::loop (347 bytes)
Event: 564.902 Thread 0x00000158a4d7e000 nmethod 1462 0x00000158899ac7d0 code [0x00000158899acba0, 0x00000158899ae360]

GC Heap History (10 events):
Event: 474.463 GC heap before
{Heap before GC invocations=20 (full 0):
 PSYoungGen      total 55296K, used 55168K [0x000000076ba00000, 0x000000076fe80000, 0x00000007c0000000)
  eden space 48640K, 100% used [0x000000076ba00000,0x000000076e980000,0x000000076e980000)
  from space 6656K, 98% used [0x000000076ea80000,0x000000076f0e0000,0x000000076f100000)
  to   space 10752K, 0% used [0x000000076f400000,0x000000076f400000,0x000000076fe80000)
 ParOldGen       total 173568K, used 1972K [0x00000006c2e00000, 0x00000006cd780000, 0x000000076ba00000)
  object space 173568K, 1% used [0x00000006c2e00000,0x00000006c2fed388,0x00000006cd780000)
 Metaspace       used 10090K, capacity 10276K, committed 10496K, reserved 1058816K
  class space    used 1065K, capacity 1165K, committed 1280K, reserved 1048576K
Event: 474.467 GC heap after
Heap after GC invocations=20 (full 0):
 PSYoungGen      total 57344K, used 6368K [0x000000076ba00000, 0x000000076fd80000, 0x00000007c0000000)
  eden space 47616K, 0% used [0x000000076ba00000,0x000000076ba00000,0x000000076e880000)
  from space 9728K, 65% used [0x000000076f400000,0x000000076fa38000,0x000000076fd80000)
  to   space 10752K, 0% used [0x000000076e880000,0x000000076e880000,0x000000076f300000)
 ParOldGen       total 173568K, used 1996K [0x00000006c2e00000, 0x00000006cd780000, 0x000000076ba00000)
  object space 173568K, 1% used [0x00000006c2e00000,0x00000006c2ff3388,0x00000006cd780000)
 Metaspace       used 10090K, capacity 10276K, committed 10496K, reserved 1058816K
  class space    used 1065K, capacity 1165K, committed 1280K, reserved 1048576K
}
Event: 494.106 GC heap before
{Heap before GC invocations=21 (full 0):
 PSYoungGen      total 57344K, used 53984K [0x000000076ba00000, 0x000000076fd80000, 0x00000007c0000000)
  eden space 47616K, 100% used [0x000000076ba00000,0x000000076e880000,0x000000076e880000)
  from space 9728K, 65% used [0x000000076f400000,0x000000076fa38000,0x000000076fd80000)
  to   space 10752K, 0% used [0x000000076e880000,0x000000076e880000,0x000000076f300000)
 ParOldGen       total 173568K, used 1996K [0x00000006c2e00000, 0x00000006cd780000, 0x000000076ba00000)
  object space 173568K, 1% used [0x00000006c2e00000,0x00000006c2ff3388,0x00000006cd780000)
 Metaspace       used 10102K, capacity 10276K, committed 10496K, reserved 1058816K
  class space    used 1065K, capacity 1165K, committed 1280K, reserved 1048576K
Event: 494.111 GC heap after
Heap after GC invocations=21 (full 0):
 PSYoungGen      total 53760K, used 6240K [0x000000076ba00000, 0x000000076fd00000, 0x00000007c0000000)
  eden space 47104K, 0% used [0x000000076ba00000,0x000000076ba00000,0x000000076e800000)
  from space 6656K, 93% used [0x000000076e880000,0x000000076ee98000,0x000000076ef00000)
  to   space 10752K, 0% used [0x000000076f280000,0x000000076f280000,0x000000076fd00000)
 ParOldGen       total 173568K, used 2060K [0x00000006c2e00000, 0x00000006cd780000, 0x000000076ba00000)
  object space 173568K, 1% used [0x00000006c2e00000,0x00000006c3003388,0x00000006cd780000)
 Metaspace       used 10102K, capacity 10276K, committed 10496K, reserved 1058816K
  class space    used 1065K, capacity 1165K, committed 1280K, reserved 1048576K
}
Event: 513.027 GC heap before
{Heap before GC invocations=22 (full 0):
 PSYoungGen      total 53760K, used 53344K [0x000000076ba00000, 0x000000076fd00000, 0x00000007c0000000)
  eden space 47104K, 100% used [0x000000076ba00000,0x000000076e800000,0x000000076e800000)
  from space 6656K, 93% used [0x000000076e880000,0x000000076ee98000,0x000000076ef00000)
  to   space 10752K, 0% used [0x000000076f280000,0x000000076f280000,0x000000076fd00000)
 ParOldGen       total 173568K, used 2060K [0x00000006c2e00000, 0x00000006cd780000, 0x000000076ba00000)
  object space 173568K, 1% used [0x00000006c2e00000,0x00000006c3003388,0x00000006cd780000)
 Metaspace       used 10139K, capacity 10404K, committed 10752K, reserved 1058816K
  class space    used 1071K, capacity 1165K, committed 1280K, reserved 1048576K
Event: 513.031 GC heap after
Heap after GC invocations=22 (full 0):
 PSYoungGen      total 56832K, used 6048K [0x000000076ba00000, 0x000000076fc80000, 0x00000007c0000000)
  eden space 46592K, 0% used [0x000000076ba00000,0x000000076ba00000,0x000000076e780000)
  from space 10240K, 59% used [0x000000076f280000,0x000000076f868000,0x000000076fc80000)
  to   space 10752K, 0% used [0x000000076e780000,0x000000076e780000,0x000000076f200000)
 ParOldGen       total 173568K, used 2092K [0x00000006c2e00000, 0x00000006cd780000, 0x000000076ba00000)
  object space 173568K, 1% used [0x00000006c2e00000,0x00000006c300b388,0x00000006cd780000)
 Metaspace       used 10139K, capacity 10404K, committed 10752K, reserved 1058816K
  class space    used 1071K, capacity 1165K, committed 1280K, reserved 1048576K
}
Event: 532.142 GC heap before
{Heap before GC invocations=23 (full 0):
 PSYoungGen      total 56832K, used 52640K [0x000000076ba00000, 0x000000076fc80000, 0x00000007c0000000)
  eden space 46592K, 100% used [0x000000076ba00000,0x000000076e780000,0x000000076e780000)
  from space 10240K, 59% used [0x000000076f280000,0x000000076f868000,0x000000076fc80000)
  to   space 10752K, 0% used [0x000000076e780000,0x000000076e780000,0x000000076f200000)
 ParOldGen       total 173568K, used 2092K [0x00000006c2e00000, 0x00000006cd780000, 0x000000076ba00000)
  object space 173568K, 1% used [0x00000006c2e00000,0x00000006c300b388,0x00000006cd780000)
 Metaspace       used 10164K, capacity 10404K, committed 10752K, reserved 1058816K
  class space    used 1072K, capacity 1165K, committed 1280K, reserved 1048576K
Event: 532.146 GC heap after
Heap after GC invocations=23 (full 0):
 PSYoungGen      total 52224K, used 6080K [0x000000076ba00000, 0x000000076fb00000, 0x00000007c0000000)
  eden space 46080K, 0% used [0x000000076ba00000,0x000000076ba00000,0x000000076e700000)
  from space 6144K, 98% used [0x000000076e780000,0x000000076ed70000,0x000000076ed80000)
  to   space 10240K, 0% used [0x000000076f100000,0x000000076f100000,0x000000076fb00000)
 ParOldGen       total 173568K, used 2132K [0x00000006c2e00000, 0x00000006cd780000, 0x000000076ba00000)
  object space 173568K, 1% used [0x00000006c2e00000,0x00000006c3015388,0x00000006cd780000)
 Metaspace       used 10164K, capacity 10404K, committed 10752K, reserved 1058816K
  class space    used 1072K, capacity 1165K, committed 1280K, reserved 1048576K
}
Event: 550.895 GC heap before
{Heap before GC invocations=24 (full 0):
 PSYoungGen      total 52224K, used 52160K [0x000000076ba00000, 0x000000076fb00000, 0x00000007c0000000)
  eden space 46080K, 100% used [0x000000076ba00000,0x000000076e700000,0x000000076e700000)
  from space 6144K, 98% used [0x000000076e780000,0x000000076ed70000,0x000000076ed80000)
  to   space 10240K, 0% used [0x000000076f100000,0x000000076f100000,0x000000076fb00000)
 ParOldGen       total 173568K, used 2132K [0x00000006c2e00000, 0x00000006cd780000, 0x000000076ba00000)
  object space 173568K, 1% used [0x00000006c2e00000,0x00000006c3015388,0x00000006cd780000)
 Metaspace       used 10193K, capacity 10468K, committed 10752K, reserved 1058816K
  class space    used 1073K, capacity 1165K, committed 1280K, reserved 1048576K
Event: 550.898 GC heap after
Heap after GC invocations=24 (full 0):
 PSYoungGen      total 55296K, used 6048K [0x000000076ba00000, 0x000000076fa80000, 0x00000007c0000000)
  eden space 45568K, 0% used [0x000000076ba00000,0x000000076ba00000,0x000000076e680000)
  from space 9728K, 62% used [0x000000076f100000,0x000000076f6e8000,0x000000076fa80000)
  to   space 10240K, 0% used [0x000000076e680000,0x000000076e680000,0x000000076f080000)
 ParOldGen       total 173568K, used 2172K [0x00000006c2e00000, 0x00000006cd780000, 0x000000076ba00000)
  object space 173568K, 1% used [0x00000006c2e00000,0x00000006c301f388,0x00000006cd780000)
 Metaspace       used 10193K, capacity 10468K, committed 10752K, reserved 1058816K
  class space    used 1073K, capacity 1165K, committed 1280K, reserved 1048576K
}

Deoptimization events (10 events):
Event: 76.153 Thread 0x00000158ac106000 Uncommon trap: reason=unstable_if action=reinterpret pc=0x000001588987c624 method=java.lang.StrictMath.floorOrCeil(DDDD)D @ 115
Event: 120.110 Thread 0x00000158ac01e000 Uncommon trap: reason=unstable_if action=reinterpret pc=0x000001588995c914 method=sun.java2d.d3d.D3DScreenUpdateManager.run()V @ 130
Event: 134.320 Thread 0x00000158ac106000 Uncommon trap: reason=unstable_if action=reinterpret pc=0x000001588999ee74 method=sun.awt.PostEventQueue.flush()V @ 23
Event: 216.228 Thread 0x00000158ac106000 Uncommon trap: reason=unstable_if action=reinterpret pc=0x0000015889994de8 method=java.util.concurrent.locks.AbstractQueuedSynchronizer.acquireQueued(Ljava/util/concurrent/locks/AbstractQueuedSynchronizer$Node;I)Z @ 17
Event: 221.887 Thread 0x0000015887b20000 Uncommon trap: reason=class_check action=maybe_recompile pc=0x0000015889a0d434 method=java.util.concurrent.ConcurrentHashMap.putVal(Ljava/lang/Object;Ljava/lang/Object;Z)Ljava/lang/Object; @ 192
Event: 221.887 Thread 0x00000158ac106000 Uncommon trap: reason=unstable_if action=reinterpret pc=0x0000015889a61cc4 method=com.intellij.rt.debugger.agent.CaptureStorage$HardKey.equals(Ljava/lang/Object;)Z @ 23
Event: 233.095 Thread 0x0000015887b20000 Uncommon trap: reason=unstable_if action=reinterpret pc=0x0000015889aaf174 method=java.util.concurrent.ConcurrentHashMap.replaceNode(Ljava/lang/Object;Ljava/lang/Object;Ljava/lang/Object;)Ljava/lang/Object; @ 136
Event: 244.183 Thread 0x0000015887b20000 Uncommon trap: reason=unstable_if action=reinterpret pc=0x00000158898774e8 method=game.Game.loop(I)V @ 15
Event: 434.063 Thread 0x00000158ac106000 Uncommon trap: reason=unstable_if action=reinterpret pc=0x000001588998da4c method=sun.java2d.pipe.BufferedContext.validate(Lsun/java2d/pipe/hw/AccelSurface;Lsun/java2d/pipe/hw/AccelSurface;Lsun/java2d/pipe/Region;Ljava/awt/Composite;Ljava/awt/geom/AffineT
Event: 497.752 Thread 0x0000015887b20000 Uncommon trap: reason=unstable_if action=reinterpret pc=0x00000158898a3a50 method=game.Game.loop(I)V @ 131

Classes redefined (10 events):
Event: 480.628 Thread 0x00000158a2812000 redefined class name=game.Game, count=34
Event: 497.700 Thread 0x00000158a2812000 redefined class name=game.Display, count=1
Event: 506.827 Thread 0x00000158a2812000 redefined class name=game.Game, count=35
Event: 512.925 Thread 0x00000158a2812000 redefined class name=game.Game, count=36
Event: 521.424 Thread 0x00000158a2812000 redefined class name=game.Game, count=37
Event: 523.974 Thread 0x00000158a2812000 redefined class name=game.Game, count=38
Event: 533.932 Thread 0x00000158a2812000 redefined class name=game.Game, count=39
Event: 539.383 Thread 0x00000158a2812000 redefined class name=game.Game, count=40
Event: 557.346 Thread 0x00000158a2812000 redefined class name=game.Game, count=41
Event: 564.400 Thread 0x00000158a2812000 redefined class name=game.Game, count=42

Internal exceptions (10 events):
Event: 0.145 Thread 0x0000015887b20000 Exception <a 'java/security/PrivilegedActionException'> (0x000000076be70b00) thrown at [C:\cygwin64\tmp\openjdk-jdk8u-windows-x64-hotspot\workspace\build\src\hotspot\src\share\vm\prims\jvm.cpp, line 1502]
Event: 0.146 Thread 0x0000015887b20000 Exception <a 'java/security/PrivilegedActionException'> (0x000000076be720e0) thrown at [C:\cygwin64\tmp\openjdk-jdk8u-windows-x64-hotspot\workspace\build\src\hotspot\src\share\vm\prims\jvm.cpp, line 1502]
Event: 0.146 Thread 0x0000015887b20000 Exception <a 'java/security/PrivilegedActionException'> (0x000000076be722f0) thrown at [C:\cygwin64\tmp\openjdk-jdk8u-windows-x64-hotspot\workspace\build\src\hotspot\src\share\vm\prims\jvm.cpp, line 1502]
Event: 0.157 Thread 0x0000015887b20000 Exception <a 'java/io/FileNotFoundException'> (0x000000076be8eb60) thrown at [C:\cygwin64\tmp\openjdk-jdk8u-windows-x64-hotspot\workspace\build\src\hotspot\src\share\vm\prims\jni.cpp, line 710]
Event: 0.180 Thread 0x0000015887b20000 Exception <a 'java/lang/NoSuchFieldError': method resolution failed> (0x000000076c1c8db0) thrown at [C:\cygwin64\tmp\openjdk-jdk8u-windows-x64-hotspot\workspace\build\src\hotspot\src\share\vm\prims\methodHandles.cpp, line 1167]
Event: 0.181 Thread 0x0000015887b20000 Exception <a 'java/lang/NoSuchFieldError': method resolution failed> (0x000000076c1d81a8) thrown at [C:\cygwin64\tmp\openjdk-jdk8u-windows-x64-hotspot\workspace\build\src\hotspot\src\share\vm\prims\methodHandles.cpp, line 1167]
Event: 0.206 Thread 0x0000015887b20000 Exception <a 'java/lang/ClassNotFoundException': sun/dc/DuctusRenderingEngine> (0x000000076c45be18) thrown at [C:\cygwin64\tmp\openjdk-jdk8u-windows-x64-hotspot\workspace\build\src\hotspot\src\share\vm\classfile\systemDictionary.cpp, line 210]
Event: 0.227 Thread 0x0000015887b20000 Exception <a 'java/io/FileNotFoundException'> (0x000000076c4ee9b8) thrown at [C:\cygwin64\tmp\openjdk-jdk8u-windows-x64-hotspot\workspace\build\src\hotspot\src\share\vm\prims\jni.cpp, line 710]
Event: 0.420 Thread 0x0000015887b20000 Implicit null exception at 0x000001588979fee0 to 0x00000158897a0185
Event: 49.882 Thread 0x00000158a2848000 Implicit null exception at 0x0000015889a9d497 to 0x0000015889a9dc55

Events (10 events):
Event: 564.400 Executing VM operation: RedefineClasses done
Event: 564.400 Thread 0x0000015887b20000 DEOPT PACKING pc=0x00000158899b0194 sp=0x000000320caff580
Event: 564.400 Thread 0x0000015887b20000 DEOPT UNPACKING pc=0x00000158896675d8 sp=0x000000320caff388 mode 0
Event: 567.725 Executing VM operation: ChangeBreakpoints
Event: 567.726 Executing VM operation: ChangeBreakpoints done
Event: 567.726 Thread 0x0000015887b20000 DEOPT PACKING pc=0x00000158899ae02c sp=0x000000320caff580
Event: 567.726 Thread 0x0000015887b20000 DEOPT UNPACKING pc=0x00000158896675d8 sp=0x000000320caff388 mode 0
Event: 567.726 Executing VM operation: ForceSafepoint
Event: 567.726 Executing VM operation: ForceSafepoint done
Event: 567.732 Executing VM operation: GetOrSetLocal


Dynamic libraries:
0x00007ff739210000 - 0x00007ff73924a000 	C:\Program Files\AdoptOpenJDK\jdk-8.0.212.04-hotspot\bin\java.exe
0x00007fff14680000 - 0x00007fff14870000 	C:\WINDOWS\SYSTEM32\ntdll.dll
0x00007fff138a0000 - 0x00007fff13952000 	C:\WINDOWS\System32\KERNEL32.DLL
0x00007fff11bd0000 - 0x00007fff11e74000 	C:\WINDOWS\System32\KERNELBASE.dll
0x00007fff137f0000 - 0x00007fff13893000 	C:\WINDOWS\System32\ADVAPI32.dll
0x00007fff14180000 - 0x00007fff1421e000 	C:\WINDOWS\System32\msvcrt.dll
0x00007fff136b0000 - 0x00007fff13747000 	C:\WINDOWS\System32\sechost.dll
0x00007fff143c0000 - 0x00007fff144e0000 	C:\WINDOWS\System32\RPCRT4.dll
0x00007fff14220000 - 0x00007fff143b5000 	C:\WINDOWS\System32\USER32.dll
0x00007fff118b0000 - 0x00007fff118d1000 	C:\WINDOWS\System32\win32u.dll
0x00007fff137c0000 - 0x00007fff137e6000 	C:\WINDOWS\System32\GDI32.dll
0x00007fff119e0000 - 0x00007fff11b76000 	C:\WINDOWS\System32\gdi32full.dll
0x00007fff11e80000 - 0x00007fff11f1e000 	C:\WINDOWS\System32\msvcp_win.dll
0x00007fff118e0000 - 0x00007fff119da000 	C:\WINDOWS\System32\ucrtbase.dll
0x00007fff06140000 - 0x00007fff063c4000 	C:\WINDOWS\WinSxS\amd64_microsoft.windows.common-controls_6595b64144ccf1df_6.0.18362.1016_none_9e7a36bbe461dae4\COMCTL32.dll
0x00007fff13960000 - 0x00007fff13c95000 	C:\WINDOWS\System32\combase.dll
0x00007fff126b0000 - 0x00007fff12730000 	C:\WINDOWS\System32\bcryptPrimitives.dll
0x00007fff12850000 - 0x00007fff1287e000 	C:\WINDOWS\System32\IMM32.DLL
0x00007ffec4ff0000 - 0x00007ffec50df000 	C:\Program Files\AdoptOpenJDK\jdk-8.0.212.04-hotspot\jre\bin\msvcr120.dll
0x00007ffecf190000 - 0x00007ffecf236000 	C:\Program Files\AdoptOpenJDK\jdk-8.0.212.04-hotspot\jre\bin\msvcp120.dll
0x000000005c6b0000 - 0x000000005ceab000 	C:\Program Files\AdoptOpenJDK\jdk-8.0.212.04-hotspot\jre\bin\server\jvm.dll
0x00007fff127b0000 - 0x00007fff127b8000 	C:\WINDOWS\System32\PSAPI.DLL
0x00007fff0c8f0000 - 0x00007fff0c8f9000 	C:\WINDOWS\SYSTEM32\WSOCK32.dll
0x00007fff12cd0000 - 0x00007fff12d3f000 	C:\WINDOWS\System32\WS2_32.dll
0x00007fff0a540000 - 0x00007fff0a54a000 	C:\WINDOWS\SYSTEM32\VERSION.dll
0x00007fff0f140000 - 0x00007fff0f164000 	C:\WINDOWS\SYSTEM32\WINMM.dll
0x00007fff0f010000 - 0x00007fff0f03d000 	C:\WINDOWS\SYSTEM32\winmmbase.dll
0x00007fff11b80000 - 0x00007fff11bca000 	C:\WINDOWS\System32\cfgmgr32.dll
0x00007fff07570000 - 0x00007fff0757f000 	C:\Program Files\AdoptOpenJDK\jdk-8.0.212.04-hotspot\jre\bin\verify.dll
0x00007fff059d0000 - 0x00007fff059f8000 	C:\Program Files\AdoptOpenJDK\jdk-8.0.212.04-hotspot\jre\bin\java.dll
0x00007fff0bc70000 - 0x00007fff0bca5000 	C:\Program Files\AdoptOpenJDK\jdk-8.0.212.04-hotspot\jre\bin\jdwp.dll
0x00007fff0e280000 - 0x00007fff0e288000 	C:\Program Files\AdoptOpenJDK\jdk-8.0.212.04-hotspot\jre\bin\npt.dll
0x00007ffefed90000 - 0x00007ffefedba000 	C:\Program Files\AdoptOpenJDK\jdk-8.0.212.04-hotspot\jre\bin\instrument.dll
0x00007fff069c0000 - 0x00007fff069d6000 	C:\Program Files\AdoptOpenJDK\jdk-8.0.212.04-hotspot\jre\bin\zip.dll
0x00007fff12ef0000 - 0x00007fff135d7000 	C:\WINDOWS\System32\SHELL32.dll
0x00007fff12ae0000 - 0x00007fff12b89000 	C:\WINDOWS\System32\shcore.dll
0x00007fff11f20000 - 0x00007fff126a2000 	C:\WINDOWS\System32\windows.storage.dll
0x00007fff115d0000 - 0x00007fff115f3000 	C:\WINDOWS\System32\profapi.dll
0x00007fff11560000 - 0x00007fff115aa000 	C:\WINDOWS\System32\powrprof.dll
0x00007fff11530000 - 0x00007fff11540000 	C:\WINDOWS\System32\UMPDC.dll
0x00007fff14110000 - 0x00007fff14162000 	C:\WINDOWS\System32\shlwapi.dll
0x00007fff115b0000 - 0x00007fff115c1000 	C:\WINDOWS\System32\kernel.appcore.dll
0x00007fff11800000 - 0x00007fff11817000 	C:\WINDOWS\System32\cryptsp.dll
0x00007fff0e270000 - 0x00007fff0e279000 	C:\Program Files\AdoptOpenJDK\jdk-8.0.212.04-hotspot\jre\bin\dt_socket.dll
0x00007fff10d90000 - 0x00007fff10df7000 	C:\WINDOWS\system32\mswsock.dll
0x00007ffed74d0000 - 0x00007ffed7665000 	C:\Program Files\AdoptOpenJDK\jdk-8.0.212.04-hotspot\jre\bin\awt.dll
0x00007fff12880000 - 0x00007fff12945000 	C:\WINDOWS\System32\OLEAUT32.dll
0x00007fff0f270000 - 0x00007fff0f2ff000 	C:\WINDOWS\SYSTEM32\apphelp.dll
0x00007fff0f890000 - 0x00007fff0f8bd000 	C:\WINDOWS\system32\DWMAPI.DLL
0x00007fff0f3b0000 - 0x00007fff0f449000 	C:\WINDOWS\system32\uxtheme.dll
0x00007ffef7f30000 - 0x00007ffef8086000 	C:\WINDOWS\system32\opengl32.dll
0x00007fff048e0000 - 0x00007fff0490c000 	C:\WINDOWS\SYSTEM32\GLU32.dll
0x00007fff10190000 - 0x00007fff101b0000 	C:\WINDOWS\SYSTEM32\dxcore.dll
0x00007fff12b90000 - 0x00007fff12cc5000 	C:\WINDOWS\System32\MSCTF.dll
0x00007fff144e0000 - 0x00007fff14637000 	C:\WINDOWS\System32\ole32.dll
0x00007fff03f00000 - 0x00007fff040c7000 	C:\WINDOWS\system32\d3d9.dll
0x00007fff07ce0000 - 0x00007fff07dcf000 	C:\WINDOWS\System32\DriverStore\FileRepository\nvdd.inf_amd64_ef890633f6cefa94\nvldumdx.dll
0x00007fff116b0000 - 0x00007fff117f9000 	C:\WINDOWS\System32\crypt32.dll
0x00007fff11540000 - 0x00007fff11552000 	C:\WINDOWS\System32\MSASN1.dll
0x00007fff0a370000 - 0x00007fff0a39f000 	C:\WINDOWS\SYSTEM32\cryptnet.dll
0x00007fff10f60000 - 0x00007fff10f6c000 	C:\WINDOWS\SYSTEM32\cryptbase.dll
0x00007fff11820000 - 0x00007fff1187c000 	C:\WINDOWS\System32\WINTRUST.DLL
0x00007fff12820000 - 0x00007fff1283d000 	C:\WINDOWS\System32\imagehlp.dll
0x00007fff10900000 - 0x00007fff10933000 	C:\WINDOWS\system32\rsaenh.dll
0x00007fff11880000 - 0x00007fff118a6000 	C:\WINDOWS\System32\bcrypt.dll
0x00007ffebe210000 - 0x00007ffebf717000 	C:\WINDOWS\System32\DriverStore\FileRepository\nvdd.inf_amd64_ef890633f6cefa94\nvd3dumx.dll
0x00007fff10110000 - 0x00007fff10132000 	C:\WINDOWS\SYSTEM32\gpapi.dll
0x00007ffeefc50000 - 0x00007ffeefce3000 	C:\Program Files\AdoptOpenJDK\jdk-8.0.212.04-hotspot\jre\bin\freetype.dll
0x00007ffec4f30000 - 0x00007ffec4fec000 	C:\Program Files\AdoptOpenJDK\jdk-8.0.212.04-hotspot\jre\bin\fontmanager.dll
0x00007fff04b80000 - 0x00007fff04c1e000 	C:\WINDOWS\System32\TextInputFramework.dll
0x00007fff0ef30000 - 0x00007fff0f004000 	C:\WINDOWS\System32\CoreMessaging.dll
0x00007fff0b360000 - 0x00007fff0b68a000 	C:\WINDOWS\System32\CoreUIComponents.dll
0x00007fff10580000 - 0x00007fff105b1000 	C:\WINDOWS\SYSTEM32\ntmarta.dll
0x00007fff0cf00000 - 0x00007fff0d053000 	C:\WINDOWS\SYSTEM32\wintypes.dll
0x00007fff029d0000 - 0x00007fff02c76000 	C:\WINDOWS\System32\iertutil.dll

VM Arguments:
jvm_args: -agentlib:jdwp=transport=dt_socket,address=127.0.0.1:60657,suspend=y,server=n -javaagent:C:\Users\Owner\AppData\Local\JetBrains\IdeaIC2020.1\groovyHotSwap\gragent.jar -javaagent:C:\Users\Owner\AppData\Local\JetBrains\IdeaIC2020.1\captureAgent\debugger-agent.jar -Dfile.encoding=UTF-8 
java_command: game.Game
java_class_path (initial): C:\Program Files\AdoptOpenJDK\jdk-8.0.212.04-hotspot\jre\lib\charsets.jar;C:\Program Files\AdoptOpenJDK\jdk-8.0.212.04-hotspot\jre\lib\ext\access-bridge-64.jar;C:\Program Files\AdoptOpenJDK\jdk-8.0.212.04-hotspot\jre\lib\ext\cldrdata.jar;C:\Program Files\AdoptOpenJDK\jdk-8.0.212.04-hotspot\jre\lib\ext\dnsns.jar;C:\Program Files\AdoptOpenJDK\jdk-8.0.212.04-hotspot\jre\lib\ext\jaccess.jar;C:\Program Files\AdoptOpenJDK\jdk-8.0.212.04-hotspot\jre\lib\ext\localedata.jar;C:\Program Files\AdoptOpenJDK\jdk-8.0.212.04-hotspot\jre\lib\ext\nashorn.jar;C:\Program Files\AdoptOpenJDK\jdk-8.0.212.04-hotspot\jre\lib\ext\sunec.jar;C:\Program Files\AdoptOpenJDK\jdk-8.0.212.04-hotspot\jre\lib\ext\sunjce_provider.jar;C:\Program Files\AdoptOpenJDK\jdk-8.0.212.04-hotspot\jre\lib\ext\sunmscapi.jar;C:\Program Files\AdoptOpenJDK\jdk-8.0.212.04-hotspot\jre\lib\ext\sunpkcs11.jar;C:\Program Files\AdoptOpenJDK\jdk-8.0.212.04-hotspot\jre\lib\ext\zipfs.jar;C:\Program Files\AdoptOpenJDK\jdk-8.0.212.04-hotspot\jre\lib\jce.jar;C:\Program Files\AdoptOpenJDK\jdk-8.0.212.04-hotspot\jre\lib\jsse.jar;C:\Program Files\AdoptOpenJDK\jdk-8.0.212.04-hotspot\jre\lib\management-agent.jar;C:\Program Files\AdoptOpenJDK\jdk-8.0.212.04-hotspot\jre\lib\resources.jar;C:\Program Files\AdoptOpenJDK\jdk-8.0.212.04-hotspot\jre\lib\rt.jar;D:\Programs\Minecraft\modSources\UTFangameThing\build\classes\java\main;C:\Program Files\JetBrains\IntelliJ IDEA Community Edition 2019.1.3\lib\idea_rt.jar;C:\Users\Owner\AppData\Local\JetBrains\IdeaIC2020.1\groovyHotSwap\gragent.jar;C:\Users\Owner\AppData\Local\JetBrains\IdeaIC2020.1\captureAgent\debugger-agent.jar
Launcher Type: SUN_STANDARD

Environment Variables:
JAVA_HOME=D:\Programming Language Libraries\jdk-12
PATH=C:\Program Files\Oculus\Support\oculus-runtime;C:\Program Files\Java\jre1.8.0_261\bin;C:\Program Files (x86)\Common Files\Oracle\Java\javapath;C:\WINDOWS\system32;C:\WINDOWS;C:\WINDOWS\System32\Wbem;C:\WINDOWS\System32\WindowsPowerShell\v1.0\;C:\WINDOWS\System32\OpenSSH\;C:\Program Files\Git\cmd;D:\Programs\Gource\cmd;C:\Program Files\dotnet\;C:\Program Files\Microsoft SQL Server\130\Tools\Binn\;C:\Program Files\Microsoft SQL Server\Client SDK\ODBC\170\Tools\Binn\;C:\Users\Owner\AppData\Local\Programs\Python\Python38\Scripts\;C:\Users\Owner\AppData\Local\Programs\Python\Python38\;C:\Users\Owner\AppData\Local\Microsoft\WindowsApps;C:\Users\Owner\.dotnet\tools
USERNAME=Owner
OS=Windows_NT
PROCESSOR_IDENTIFIER=Intel64 Family 6 Model 158 Stepping 10, GenuineIntel



---------------  S Y S T E M  ---------------

OS: Windows 10.0 , 64 bit Build 18362 (10.0.18362.959)

CPU:total 12 (initial active 12) (6 cores per cpu, 2 threads per core) family 6 model 158 stepping 10, cmov, cx8, fxsr, mmx, sse, sse2, sse3, ssse3, sse4.1, sse4.2, popcnt, avx, avx2, aes, clmul, erms, rtm, 3dnowpref, lzcnt, ht, tsc, tscinvbit, bmi1, bmi2, adx

Memory: 4k page, physical 16583428k(6797932k free), swap 27593476k(12932052k free)

vm_info: OpenJDK 64-Bit Server VM (25.212-b04) for windows-amd64 JRE (1.8.0_212-b04), built on Jun  3 2019 21:11:11 by "jenkins" with MS VC++ 12.0 (VS2013)

time: Wed Sep 09 18:45:10 2020
timezone: Eastern Daylight Time
elapsed time: 567 seconds (0d 0h 9m 27s)

